<?xml version="1.0" encoding="UTF-8"?>
<!-- Generated by org.testng.reporters.JUnitXMLReporter -->
<testsuite hostname="CE75U17003" ignored="2" name="MyTest2" tests="1" failures="0" timestamp="2022-06-09T15:19:11 CEST" time="143.737" errors="0">
  <testcase name="@AfterTest déconnexion" time="1.023" classname="Requete.depotReq">
    <failure type="org.openqa.selenium.UnhandledAlertException" message="unexpected alert open: {Alert text : Requête enregistrée dans Skipper sous le N° : 366496}
  (Session info: chrome=102.0.5005.61): Requête enregistrée dans Skipper sous le N° : 366496
Build info: version: &amp;apos;4.1.4&amp;apos;, revision: &amp;apos;535d840ee2&amp;apos;
System info: host: &amp;apos;CE75U17003&amp;apos;, ip: &amp;apos;10.75.73.7&amp;apos;, os.name: &amp;apos;Windows 10&amp;apos;, os.arch: &amp;apos;amd64&amp;apos;, os.version: &amp;apos;10.0&amp;apos;, java.version: &amp;apos;1.8.0_331&amp;apos;
Driver info: org.openqa.selenium.chrome.ChromeDriver
Command: [d6e6e32054652ebb9c3c0661e4b1a858, findElement {using=xpath, value=//a[@id=&amp;apos;lnkdeconnecter&amp;apos;]}]
Capabilities {acceptInsecureCerts: false, browserName: chrome, browserVersion: 102.0.5005.61, chrome: {chromedriverVersion: 102.0.5005.61 (0e59bcc00cc4..., userDataDir: C:\Users\JAGATH~1\AppData\L...}, goog:chromeOptions: {debuggerAddress: localhost:65321}, javascriptEnabled: true, networkConnectionEnabled: false, pageLoadStrategy: normal, platform: WINDOWS, platformName: WINDOWS, proxy: Proxy(), se:cdp: ws://localhost:65321/devtoo..., se:cdpVersion: 102.0.5005.61, setWindowRect: true, strictFileInteractability: false, timeouts: {implicit: 0, pageLoad: 300000, script: 30000}, unhandledPromptBehavior: dismiss and notify, webauthn:extension:credBlob: true, webauthn:extension:largeBlob: true, webauthn:virtualAuthenticators: true}
Session ID: d6e6e32054652ebb9c3c0661e4b1a858">
      <![CDATA[org.openqa.selenium.UnhandledAlertException: unexpected alert open: {Alert text : Requête enregistrée dans Skipper sous le N° : 366496}
  (Session info: chrome=102.0.5005.61): Requête enregistrée dans Skipper sous le N° : 366496
Build info: version: '4.1.4', revision: '535d840ee2'
System info: host: 'CE75U17003', ip: '10.75.73.7', os.name: 'Windows 10', os.arch: 'amd64', os.version: '10.0', java.version: '1.8.0_331'
Driver info: org.openqa.selenium.chrome.ChromeDriver
Command: [d6e6e32054652ebb9c3c0661e4b1a858, findElement {using=xpath, value=//a[@id='lnkdeconnecter']}]
Capabilities {acceptInsecureCerts: false, browserName: chrome, browserVersion: 102.0.5005.61, chrome: {chromedriverVersion: 102.0.5005.61 (0e59bcc00cc4..., userDataDir: C:\Users\JAGATH~1\AppData\L...}, goog:chromeOptions: {debuggerAddress: localhost:65321}, javascriptEnabled: true, networkConnectionEnabled: false, pageLoadStrategy: normal, platform: WINDOWS, platformName: WINDOWS, proxy: Proxy(), se:cdp: ws://localhost:65321/devtoo..., se:cdpVersion: 102.0.5005.61, setWindowRect: true, strictFileInteractability: false, timeouts: {implicit: 0, pageLoad: 300000, script: 30000}, unhandledPromptBehavior: dismiss and notify, webauthn:extension:credBlob: true, webauthn:extension:largeBlob: true, webauthn:virtualAuthenticators: true}
Session ID: d6e6e32054652ebb9c3c0661e4b1a858
at org.openqa.selenium.remote.codec.w3c.W3CHttpResponseCodec.decode(W3CHttpResponseCodec.java:131)
at org.openqa.selenium.remote.codec.w3c.W3CHttpResponseCodec.decode(W3CHttpResponseCodec.java:53)
at org.openqa.selenium.remote.HttpCommandExecutor.execute(HttpCommandExecutor.java:184)
at org.openqa.selenium.remote.service.DriverCommandExecutor.invokeExecute(DriverCommandExecutor.java:167)
at org.openqa.selenium.remote.service.DriverCommandExecutor.execute(DriverCommandExecutor.java:142)
at org.openqa.selenium.remote.RemoteWebDriver.execute(RemoteWebDriver.java:567)
at org.openqa.selenium.remote.ElementLocation$ElementFinder$2.findElement(ElementLocation.java:162)
at org.openqa.selenium.remote.ElementLocation.findElement(ElementLocation.java:60)
at org.openqa.selenium.remote.RemoteWebDriver.findElement(RemoteWebDriver.java:385)
at org.openqa.selenium.remote.RemoteWebDriver.findElement(RemoteWebDriver.java:377)
at Requete.depotReq.déconnexion(depotReq.java:1793)
... Removed 24 stack frames]]>
    </failure>
  </testcase> <!-- @AfterTest déconnexion -->
  <testcase name="depotReqCE" time="138.985" classname="Requete.depotReq"/>
  <testcase name="depotReqCAA" time="0.0" classname="Requete.depotReq">
    <ignored/>
  </testcase> <!-- depotReqCAA -->
  <testcase name="depotReqTA" time="0.0" classname="Requete.depotReq">
    <ignored/>
  </testcase> <!-- depotReqTA -->
</testsuite> <!-- MyTest2 -->
