<?xml version="1.0" encoding="UTF-8"?>
<!-- Generated by org.testng.reporters.JUnitReportReporter -->
<testsuite hostname="CE75U19135" failures="0" tests="1" name="skipper.sk_transmission_code_TRC" time="10.863" errors="1" timestamp="2024-11-29T16:20:21 CET" skipped="0">
  <testcase classname="skipper.sk_transmission_code_TRC" name="navigation_skipper" time="10.863">
    <error message="Element &lt;select id=&quot;Mstr_cpMain_ddlAuteurDecAtt&quot; name=&quot;Mstr$cpMain$ddlAuteurDecAtt&quot;&gt; is not clickable at point (417,687) because another element &lt;span class=&quot;ui-icon ui-icon-circle-triangle-e&quot;&gt; obscures it
Build info: version: &#039;4.26.0&#039;, revision: &#039;8ccf0219d7&#039;
System info: os.name: &#039;Windows 10&#039;, os.arch: &#039;amd64&#039;, os.version: &#039;10.0&#039;, java.version: &#039;19.0.1&#039;
Driver info: org.openqa.selenium.firefox.FirefoxDriver
Command: [f9908305-8984-4a73-848f-3c68fdcb29f9, clickElement {id=dffb20f7-2f8c-4b99-83a1-32a1b08c7dc2}]
Capabilities {acceptInsecureCerts: true, browserName: firefox, browserVersion: 128.5.0, moz:accessibilityChecks: false, moz:buildID: 20241118130310, moz:debuggerAddress: 127.0.0.1:34866, moz:geckodriverVersion: 0.34.0, moz:headless: false, moz:platformVersion: 10.0, moz:processID: 10524, moz:profile: C:\Users\JAGATH~1\AppData\L..., moz:shutdownTimeout: 60000, moz:webdriverClick: true, moz:windowless: false, pageLoadStrategy: normal, platformName: windows, proxy: Proxy(), se:cdp: ws://127.0.0.1:34866/devtoo..., se:cdpVersion: 85.0, setWindowRect: true, strictFileInteractability: false, timeouts: {implicit: 0, pageLoad: 300000, script: 30000}, unhandledPromptBehavior: dismiss and notify, userAgent: Mozilla/5.0 (Windows NT 10....}
Element: [[[[FirefoxDriver: firefox on windows (f9908305-8984-4a73-848f-3c68fdcb29f9)] -&gt; xpath: //select[@id=&#039;Mstr_cpMain_ddlAuteurDecAtt&#039;]]] -&gt; xpath: .//option[@value = &quot;11074&quot;]]
Session ID: f9908305-8984-4a73-848f-3c68fdcb29f9" type="org.openqa.selenium.ElementClickInterceptedException">
      <![CDATA[org.openqa.selenium.ElementClickInterceptedException: Element <select id="Mstr_cpMain_ddlAuteurDecAtt" name="Mstr$cpMain$ddlAuteurDecAtt"> is not clickable at point (417,687) because another element <span class="ui-icon ui-icon-circle-triangle-e"> obscures it
Build info: version: '4.26.0', revision: '8ccf0219d7'
System info: os.name: 'Windows 10', os.arch: 'amd64', os.version: '10.0', java.version: '19.0.1'
Driver info: org.openqa.selenium.firefox.FirefoxDriver
Command: [f9908305-8984-4a73-848f-3c68fdcb29f9, clickElement {id=dffb20f7-2f8c-4b99-83a1-32a1b08c7dc2}]
Capabilities {acceptInsecureCerts: true, browserName: firefox, browserVersion: 128.5.0, moz:accessibilityChecks: false, moz:buildID: 20241118130310, moz:debuggerAddress: 127.0.0.1:34866, moz:geckodriverVersion: 0.34.0, moz:headless: false, moz:platformVersion: 10.0, moz:processID: 10524, moz:profile: C:\Users\JAGATH~1\AppData\L..., moz:shutdownTimeout: 60000, moz:webdriverClick: true, moz:windowless: false, pageLoadStrategy: normal, platformName: windows, proxy: Proxy(), se:cdp: ws://127.0.0.1:34866/devtoo..., se:cdpVersion: 85.0, setWindowRect: true, strictFileInteractability: false, timeouts: {implicit: 0, pageLoad: 300000, script: 30000}, unhandledPromptBehavior: dismiss and notify, userAgent: Mozilla/5.0 (Windows NT 10....}
Element: [[[[FirefoxDriver: firefox on windows (f9908305-8984-4a73-848f-3c68fdcb29f9)] -> xpath: //select[@id='Mstr_cpMain_ddlAuteurDecAtt']]] -> xpath: .//option[@value = "11074"]]
Session ID: f9908305-8984-4a73-848f-3c68fdcb29f9
at java.base/jdk.internal.reflect.DirectConstructorHandleAccessor.newInstance(DirectConstructorHandleAccessor.java:67)
at java.base/java.lang.reflect.Constructor.newInstanceWithCaller(Constructor.java:500)
at java.base/java.lang.reflect.Constructor.newInstance(Constructor.java:484)
at org.openqa.selenium.remote.ErrorCodec.decode(ErrorCodec.java:167)
at org.openqa.selenium.remote.codec.w3c.W3CHttpResponseCodec.decode(W3CHttpResponseCodec.java:138)
at org.openqa.selenium.remote.codec.w3c.W3CHttpResponseCodec.decode(W3CHttpResponseCodec.java:50)
at org.openqa.selenium.remote.HttpCommandExecutor.execute(HttpCommandExecutor.java:190)
at org.openqa.selenium.remote.service.DriverCommandExecutor.invokeExecute(DriverCommandExecutor.java:216)
at org.openqa.selenium.remote.service.DriverCommandExecutor.execute(DriverCommandExecutor.java:174)
at org.openqa.selenium.remote.RemoteWebDriver.execute(RemoteWebDriver.java:545)
at org.openqa.selenium.remote.RemoteWebElement.execute(RemoteWebElement.java:223)
at org.openqa.selenium.remote.RemoteWebElement.click(RemoteWebElement.java:76)
at org.openqa.selenium.support.ui.Select.setSelected(Select.java:315)
at org.openqa.selenium.support.ui.Select.selectByValue(Select.java:195)
at lesFonctions.MesFonctions.selection(MesFonctions.java:158)
at fonctionnalites.MicroFonctions.choixJuridiction(MicroFonctions.java:2362)
at juridictions.JurReqTr.reqDepot(JurReqTr.java:566)
at requete_depot_enreg.Requete_TR_depot_enreg.TR_depot(Requete_TR_depot_enreg.java:25)
at skipper.sk_transmission_code_TRC.navigation_skipper(sk_transmission_code_TRC.java:46)
at java.base/jdk.internal.reflect.DirectMethodHandleAccessor.invoke(DirectMethodHandleAccessor.java:104)
at java.base/java.lang.reflect.Method.invoke(Method.java:578)
at org.testng.internal.invokers.MethodInvocationHelper.invokeMethod(MethodInvocationHelper.java:141)
at org.testng.internal.invokers.TestInvoker.invokeMethod(TestInvoker.java:686)
at org.testng.internal.invokers.TestInvoker.invokeTestMethod(TestInvoker.java:230)
at org.testng.internal.invokers.MethodRunner.runInSequence(MethodRunner.java:63)
at org.testng.internal.invokers.TestInvoker$MethodInvocationAgent.invoke(TestInvoker.java:992)
at org.testng.internal.invokers.TestInvoker.invokeTestMethods(TestInvoker.java:203)
at org.testng.internal.invokers.TestMethodWorker.invokeTestMethods(TestMethodWorker.java:154)
at org.testng.internal.invokers.TestMethodWorker.run(TestMethodWorker.java:134)
at java.base/java.util.ArrayList.forEach(ArrayList.java:1511)
at org.testng.TestRunner.privateRun(TestRunner.java:739)
at org.testng.TestRunner.run(TestRunner.java:614)
at org.testng.SuiteRunner.runTest(SuiteRunner.java:421)
at org.testng.SuiteRunner.runSequentially(SuiteRunner.java:413)
at org.testng.SuiteRunner.privateRun(SuiteRunner.java:373)
at org.testng.SuiteRunner.run(SuiteRunner.java:312)
at org.testng.SuiteRunnerWorker.runSuite(SuiteRunnerWorker.java:52)
at org.testng.SuiteRunnerWorker.run(SuiteRunnerWorker.java:95)
at org.testng.TestNG.runSuitesSequentially(TestNG.java:1274)
at org.testng.TestNG.runSuitesLocally(TestNG.java:1208)
at org.testng.TestNG.runSuites(TestNG.java:1112)
at org.testng.TestNG.run(TestNG.java:1079)
at org.testng.remote.AbstractRemoteTestNG.run(AbstractRemoteTestNG.java:115)
at org.testng.remote.RemoteTestNG.initAndRun(RemoteTestNG.java:293)
at org.testng.remote.RemoteTestNG.main(RemoteTestNG.java:91)
]]>
    </error>
  </testcase> <!-- navigation_skipper -->
</testsuite> <!-- skipper.sk_transmission_code_TRC -->
